
> @agile/threading@1.0.0 typecheck /home/ubuntu/src/repos/agile-programmers/packages/@agile/threading
> tsc --noEmit

src/AgileActorSystem.ts(12,30): error TS2307: Cannot find module 'eventemitter3' or its corresponding type declarations.
src/AgileActorSystem.ts(19,8): error TS2307: Cannot find module '@swcstudio/multithreading' or its corresponding type declarations.
src/AgileActorSystem.ts(39,39): error TS2307: Cannot find module '@agile/types' or its corresponding type declarations.
src/AgileActorSystem.ts(151,9): error TS2353: Object literal may only specify known properties, and 'type' does not exist in type 'AgileActorMessage'.
src/AgileActorSystem.ts(183,34): error TS2339: Property 'userId' does not exist on type '{ allowedPaths: string[]; allowedCommands: string[]; restrictedOperations: string[]; csrfToken?: string | undefined; }'.
src/AgileActorSystem.ts(189,12): error TS2339: Property 'emit' does not exist on type 'AgileActorSystem'.
src/AgileActorSystem.ts(211,34): error TS2339: Property 'userId' does not exist on type '{ allowedPaths: string[]; allowedCommands: string[]; restrictedOperations: string[]; csrfToken?: string | undefined; }'.
src/AgileActorSystem.ts(213,17): error TS18046: 'error' is of type 'unknown'.
src/AgileActorSystem.ts(217,12): error TS2339: Property 'emit' does not exist on type 'AgileActorSystem'.
src/AgileActorSystem.ts(220,16): error TS18046: 'error' is of type 'unknown'.
src/AgileActorSystem.ts(225,16): error TS18046: 'error' is of type 'unknown'.
src/AgileActorSystem.ts(247,7): error TS2353: Object literal may only specify known properties, and 'type' does not exist in type 'AgileActorMessage'.
src/AgileActorSystem.ts(266,12): error TS2339: Property 'emit' does not exist on type 'AgileActorSystem'.
src/AgileActorSystem.ts(275,12): error TS2339: Property 'emit' does not exist on type 'AgileActorSystem'.
src/AgileActorSystem.ts(277,16): error TS18046: 'error' is of type 'unknown'.
src/AgileActorSystem.ts(294,7): error TS2353: Object literal may only specify known properties, and 'type' does not exist in type 'AgileActorMessage'.
src/AgileActorSystem.ts(321,7): error TS2353: Object literal may only specify known properties, and 'type' does not exist in type 'AgileActorMessage'.
src/AgileActorSystem.ts(343,7): error TS2353: Object literal may only specify known properties, and 'type' does not exist in type 'AgileActorMessage'.
src/AgileActorSystem.ts(416,10): error TS2339: Property 'emit' does not exist on type 'AgileActorSystem'.
src/AgileActorSystem.ts(433,10): error TS2339: Property 'emit' does not exist on type 'AgileActorSystem'.
src/AgileActorSystem.ts(473,10): error TS2339: Property 'on' does not exist on type 'AgileActorSystem'.
src/AgileActorSystem.ts(473,32): error TS7006: Parameter 'event' implicitly has an 'any' type.
src/AgileActorSystem.ts(477,10): error TS2339: Property 'on' does not exist on type 'AgileActorSystem'.
src/AgileActorSystem.ts(477,29): error TS7006: Parameter 'event' implicitly has an 'any' type.
src/AgileActorSystem.ts(481,10): error TS2339: Property 'on' does not exist on type 'AgileActorSystem'.
src/AgileActorSystem.ts(481,36): error TS7006: Parameter 'event' implicitly has an 'any' type.
src/AgileActorSystem.ts(550,18): error TS18046: 'error' is of type 'unknown'.
src/KatalystThreadPool.ts(1,30): error TS2307: Cannot find module 'eventemitter3' or its corresponding type declarations.
src/KatalystThreadPool.ts(11,8): error TS2307: Cannot find module '@swcstudio/multithreading' or its corresponding type declarations.
src/KatalystThreadPool.ts(20,8): error TS2307: Cannot find module '@agile/types' or its corresponding type declarations.
src/KatalystThreadPool.ts(32,14): error TS2323: Cannot redeclare exported variable 'KatalystThreadPool'.
src/KatalystThreadPool.ts(125,10): error TS2339: Property 'emit' does not exist on type 'KatalystThreadPool'.
src/KatalystThreadPool.ts(143,12): error TS2339: Property 'emit' does not exist on type 'KatalystThreadPool'.
src/KatalystThreadPool.ts(180,16): error TS2339: Property 'emit' does not exist on type 'KatalystThreadPool'.
src/KatalystThreadPool.ts(199,14): error TS2339: Property 'emit' does not exist on type 'KatalystThreadPool'.
src/KatalystThreadPool.ts(210,14): error TS2339: Property 'emit' does not exist on type 'KatalystThreadPool'.
src/KatalystThreadPool.ts(235,50): error TS7006: Parameter 'p' implicitly has an 'any' type.
src/KatalystThreadPool.ts(296,14): error TS2339: Property 'emit' does not exist on type 'KatalystThreadPool'.
src/KatalystThreadPool.ts(299,12): error TS2339: Property 'emit' does not exist on type 'KatalystThreadPool'.
src/KatalystThreadPool.ts(338,12): error TS2339: Property 'emit' does not exist on type 'KatalystThreadPool'.
src/KatalystThreadPool.ts(387,12): error TS2339: Property 'emit' does not exist on type 'KatalystThreadPool'.
src/KatalystThreadPool.ts(432,12): error TS2339: Property 'emit' does not exist on type 'KatalystThreadPool'.
src/KatalystThreadPool.ts(517,14): error TS2339: Property 'emit' does not exist on type 'KatalystThreadPool'.
src/KatalystThreadPool.ts(527,10): error TS2339: Property 'emit' does not exist on type 'KatalystThreadPool'.
src/KatalystThreadPool.ts(890,10): error TS2323: Cannot redeclare exported variable 'KatalystThreadPool'.
src/KatalystThreadPool.ts(890,10): error TS2484: Export declaration conflicts with exported declaration of 'KatalystThreadPool'.
src/PriorityQueue.ts(1,76): error TS2307: Cannot find module '@agile/types' or its corresponding type declarations.
src/PriorityQueue.ts(16,47): error TS7006: Parameter 'a' implicitly has an 'any' type.
src/PriorityQueue.ts(16,50): error TS7006: Parameter 'b' implicitly has an 'any' type.
src/PriorityQueue.ts(42,39): error TS1361: 'TaskPriority' cannot be used as a value because it was imported using 'import type'.
src/PriorityQueue.ts(47,43): error TS1361: 'TaskPriority' cannot be used as a value because it was imported using 'import type'.
src/TaskRouter.ts(7,8): error TS2307: Cannot find module '@agile/types' or its corresponding type declarations.
src/TaskRouter.ts(124,31): error TS7006: Parameter 't' implicitly has an 'any' type.
src/TaskRouter.ts(160,15): error TS7006: Parameter 't' implicitly has an 'any' type.
src/TaskRouter.ts(164,47): error TS7006: Parameter 'sum' implicitly has an 'any' type.
src/TaskRouter.ts(164,52): error TS7006: Parameter 't' implicitly has an 'any' type.
src/TaskRouter.ts(165,50): error TS7006: Parameter 't' implicitly has an 'any' type.
src/ThreadPool.ts(1,30): error TS2307: Cannot find module 'eventemitter3' or its corresponding type declarations.
src/ThreadPool.ts(13,8): error TS2307: Cannot find module '@agile/types' or its corresponding type declarations.
src/ThreadPool.ts(95,10): error TS2339: Property 'emit' does not exist on type 'ThreadPool'.
src/ThreadPool.ts(124,16): error TS2339: Property 'emit' does not exist on type 'ThreadPool'.
src/ThreadPool.ts(164,10): error TS2339: Property 'emit' does not exist on type 'ThreadPool'.
src/ThreadPool.ts(215,10): error TS2339: Property 'emit' does not exist on type 'ThreadPool'.
src/ThreadPool.ts(235,10): error TS2339: Property 'emit' does not exist on type 'ThreadPool'.
src/ThreadPool.ts(296,16): error TS2339: Property 'emit' does not exist on type 'ThreadPool'.
src/ThreadPool.ts(319,12): error TS2339: Property 'emit' does not exist on type 'ThreadPool'.
src/ThreadPool.ts(328,10): error TS2339: Property 'emit' does not exist on type 'ThreadPool'.
src/ThreadPool.ts(359,10): error TS2339: Property 'emit' does not exist on type 'ThreadPool'.
src/ThreadPool.ts(404,10): error TS2339: Property 'emit' does not exist on type 'ThreadPool'.
src/ThreadPool.ts(421,14): error TS2339: Property 'emit' does not exist on type 'ThreadPool'.
src/ThreadPool.ts(465,12): error TS2339: Property 'emit' does not exist on type 'ThreadPool'.
src/ThreadPool.ts(478,12): error TS2339: Property 'emit' does not exist on type 'ThreadPool'.
src/ThreadPool.ts(590,10): error TS2339: Property 'emit' does not exist on type 'ThreadPool'.
src/index.ts(29,8): error TS2307: Cannot find module '@swcstudio/multithreading' or its corresponding type declarations.
src/index.ts(34,36): error TS2307: Cannot find module './EnhancedTaskRouter' or its corresponding type declarations.
src/index.ts(56,8): error TS2307: Cannot find module '@agile/types' or its corresponding type declarations.
src/types.ts(14,8): error TS2307: Cannot find module '@swcstudio/multithreading' or its corresponding type declarations.
src/types.ts(22,8): error TS2307: Cannot find module '@agile/types' or its corresponding type declarations.
src/workers/universal.worker.ts(255,34): error TS2345: Argument of type 'Function' is not assignable to parameter of type '(a: any, b: any) => number'.
  Type 'Function' provides no match for the signature '(a: any, b: any): number'.
src/workers/universal.worker.ts(261,24): error TS2769: No overload matches this call.
  Overload 1 of 2, '(predicate: (value: any, index: number, array: any[]) => value is any, thisArg?: any): any[]', gave the following error.
    Argument of type 'Function' is not assignable to parameter of type '(value: any, index: number, array: any[]) => value is any'.
      Type 'Function' provides no match for the signature '(value: any, index: number, array: any[]): value is any'.
  Overload 2 of 2, '(predicate: (value: any, index: number, array: any[]) => unknown, thisArg?: any): any[]', gave the following error.
    Argument of type 'Function' is not assignable to parameter of type '(value: any, index: number, array: any[]) => unknown'.
      Type 'Function' provides no match for the signature '(value: any, index: number, array: any[]): unknown'.
src/workers/universal.worker.ts(267,21): error TS2345: Argument of type 'Function' is not assignable to parameter of type '(value: any, index: number, array: any[]) => any'.
  Type 'Function' provides no match for the signature '(value: any, index: number, array: any[]): any'.
src/workers/universal.worker.ts(273,24): error TS2769: No overload matches this call.
  Overload 1 of 3, '(callbackfn: (previousValue: any, currentValue: any, currentIndex: number, array: any[]) => any, initialValue: any): any', gave the following error.
    Argument of type 'Function' is not assignable to parameter of type '(previousValue: any, currentValue: any, currentIndex: number, array: any[]) => any'.
      Type 'Function' provides no match for the signature '(previousValue: any, currentValue: any, currentIndex: number, array: any[]): any'.
  Overload 2 of 3, '(callbackfn: (previousValue: any, currentValue: any, currentIndex: number, array: any[]) => any, initialValue: any): any', gave the following error.
    Argument of type 'Function' is not assignable to parameter of type '(previousValue: any, currentValue: any, currentIndex: number, array: any[]) => any'.
      Type 'Function' provides no match for the signature '(previousValue: any, currentValue: any, currentIndex: number, array: any[]): any'.
 ELIFECYCLE  Command failed with exit code 2.
 WARN   Local package.json exists, but node_modules missing, did you mean to install?
